2025-04-04 10:49:47.667211 - Received CBT.V508.FILE504.PDS from FILE504.XMI 
2025-04-04 10:49:47.668949 - Found $$$#DATE.txt (text/plain) in CBT.V508.FILE504.PDS, moved to PDS/$$$#DATE
2025-04-04 10:49:47.669114 - Found $$$DOC.txt (text/plain) in CBT.V508.FILE504.PDS, moved to PDS/$$$DOC
2025-04-04 10:49:47.669260 - Found $$$SETUP.txt (text/plain) in CBT.V508.FILE504.PDS, moved to PDS/$$$SETUP
2025-04-04 10:49:47.669395 - Found @FILE504.txt (text/plain) in CBT.V508.FILE504.PDS, moved to PDS/@FILE504
2025-04-04 10:49:47.669525 - Found ASMACL.txt (text/plain) in CBT.V508.FILE504.PDS, moved to PDS/ASMACL
2025-04-04 10:49:47.669654 - Found DLIB.txt (text/plain) in CBT.V508.FILE504.PDS, moved to PDS/DLIB
2025-04-04 10:49:47.669894 - Found FMIDIN.txt (text/plain) in CBT.V508.FILE504.PDS, moved to PDS/FMIDIN
2025-04-04 10:49:47.670080 - Found FMTLIBAL.jcl (text/plain) in CBT.V508.FILE504.PDS, moved to PDS/FMTLIBAL
2025-04-04 10:49:47.670230 - Found FMTTPRD.jcl (text/plain) in CBT.V508.FILE504.PDS, moved to PDS/FMTTPRD
2025-04-04 10:49:47.670392 - Found INVDSNCC.txt (text/plain) in CBT.V508.FILE504.PDS, moved to PDS/INVDSNCC
2025-04-04 10:49:47.670542 - Found INVFMID1.jcl (text/plain) in CBT.V508.FILE504.PDS, moved to PDS/INVFMID1
2025-04-04 10:49:47.670683 - Found INVLLDUP.txt (text/plain) in CBT.V508.FILE504.PDS, moved to PDS/INVLLDUP
2025-04-04 10:49:47.670835 - Found INVLLSTM.txt (text/plain) in CBT.V508.FILE504.PDS, moved to PDS/INVLLSTM
2025-04-04 10:49:47.670971 - Found INVPRC.txt (text/plain) in CBT.V508.FILE504.PDS, moved to PDS/INVPRC
2025-04-04 10:49:47.671114 - Found INVPREP1.txt (text/plain) in CBT.V508.FILE504.PDS, moved to PDS/INVPREP1
2025-04-04 10:49:47.671246 - Found INVPREP2.txt (text/plain) in CBT.V508.FILE504.PDS, moved to PDS/INVPREP2
2025-04-04 10:49:47.671378 - Found JOBCARD.jcl (text/plain) in CBT.V508.FILE504.PDS, moved to PDS/JOBCARD
2025-04-04 10:49:47.671571 - Found LOADLIB.xmi (application/xmit) in CBT.V508.FILE504.PDS, moved to PDS/LOADLIB.xmi
2025-04-04 10:49:47.691253 - Received W$$.INVNTORY.LOADLIB from LOADLIB.xmi 
2025-04-04 10:49:47.691713 - Found $FMID.bin (application/octet-stream) in W$$.INVNTORY.LOADLIB, moved to LOADLIB/$FMID
2025-04-04 10:49:47.691846 - Found WVOLCOLL.bin (application/octet-stream) in W$$.INVNTORY.LOADLIB, moved to LOADLIB/WVOLCOLL
2025-04-04 10:49:47.691968 - Found WVOLCOLM.bin (application/octet-stream) in W$$.INVNTORY.LOADLIB, moved to LOADLIB/WVOLCOLM
2025-04-04 10:49:47.692093 - Found WVOLCOLN.bin (application/octet-stream) in W$$.INVNTORY.LOADLIB, moved to LOADLIB/WVOLCOLN
2025-04-04 10:49:47.692213 - Found WVOLCOLX.bin (application/octet-stream) in W$$.INVNTORY.LOADLIB, moved to LOADLIB/WVOLCOLX
2025-04-04 10:49:47.692332 - Found WVOLCOL0.bin (application/octet-stream) in W$$.INVNTORY.LOADLIB, moved to LOADLIB/WVOLCOL0
2025-04-04 10:49:47.692457 - Found WVOLCOL1.bin (application/octet-stream) in W$$.INVNTORY.LOADLIB, moved to LOADLIB/WVOLCOL1
2025-04-04 10:49:47.692941 - Found SAS.txt (text/plain) in CBT.V508.FILE504.PDS, moved to PDS/SAS
2025-04-04 10:49:47.693095 - Found SASOPTS.txt (text/plain) in CBT.V508.FILE504.PDS, moved to PDS/SASOPTS
2025-04-04 10:49:47.693226 - Found SBGPRCR.jcl (text/plain) in CBT.V508.FILE504.PDS, moved to PDS/SBGPRCR
2025-04-04 10:49:47.693365 - Found SBGPRE.jcl (text/plain) in CBT.V508.FILE504.PDS, moved to PDS/SBGPRE
2025-04-04 10:49:47.693487 - Found SBGSTG1.jcl (text/plain) in CBT.V508.FILE504.PDS, moved to PDS/SBGSTG1
2025-04-04 10:49:47.693602 - Found SBGSTG2.jcl (text/plain) in CBT.V508.FILE504.PDS, moved to PDS/SBGSTG2
2025-04-04 10:49:47.693729 - Found SITEMON.txt (text/plain) in CBT.V508.FILE504.PDS, moved to PDS/SITEMON
2025-04-04 10:49:47.693868 - Found SMPE.txt (text/plain) in CBT.V508.FILE504.PDS, moved to PDS/SMPE
2025-04-04 10:49:47.693979 - Found TLIB.txt (text/plain) in CBT.V508.FILE504.PDS, moved to PDS/TLIB
2025-04-04 10:49:47.694098 - Found WINVPRD1.txt (text/plain) in CBT.V508.FILE504.PDS, moved to PDS/WINVPRD1
2025-04-04 10:49:47.694226 - Found WINVPRD2.txt (text/plain) in CBT.V508.FILE504.PDS, moved to PDS/WINVPRD2
2025-04-04 10:49:47.694362 - Found WVOLALL1.txt (text/plain) in CBT.V508.FILE504.PDS, moved to PDS/WVOLALL1
2025-04-04 10:49:47.694483 - Found WVOLALL2.txt (text/plain) in CBT.V508.FILE504.PDS, moved to PDS/WVOLALL2
2025-04-04 10:49:47.694598 - Found WVOLCOLL.jcl (text/plain) in CBT.V508.FILE504.PDS, moved to PDS/WVOLCOLL
2025-04-04 10:49:47.694724 - Found WVOLCOLM.jcl (text/plain) in CBT.V508.FILE504.PDS, moved to PDS/WVOLCOLM
2025-04-04 10:49:47.694859 - Found WVOLCOLN.jcl (text/plain) in CBT.V508.FILE504.PDS, moved to PDS/WVOLCOLN
2025-04-04 10:49:47.694971 - Found WVOLCOLX.jcl (text/plain) in CBT.V508.FILE504.PDS, moved to PDS/WVOLCOLX
2025-04-04 10:49:47.695085 - Found WVOLCOL0.txt (text/plain) in CBT.V508.FILE504.PDS, moved to PDS/WVOLCOL0
2025-04-04 10:49:47.695201 - Found WVOLCOL1.txt (text/plain) in CBT.V508.FILE504.PDS, moved to PDS/WVOLCOL1
2025-04-04 10:49:47.695327 - Found WVOLRUNI.txt (text/plain) in CBT.V508.FILE504.PDS, moved to PDS/WVOLRUNI
2025-04-04 10:49:47.695444 - Found WVOLRUN1.txt (text/plain) in CBT.V508.FILE504.PDS, moved to PDS/WVOLRUN1
2025-04-04 10:49:47.695573 - Found WVOLSRT2.txt (text/plain) in CBT.V508.FILE504.PDS, moved to PDS/WVOLSRT2
2025-04-04 10:49:47.695686 - Found WVOLSRT5.txt (text/plain) in CBT.V508.FILE504.PDS, moved to PDS/WVOLSRT5
2025-04-04 10:49:47.695801 - Found XLIB.txt (text/plain) in CBT.V508.FILE504.PDS, moved to PDS/XLIB
